<?xml version="1.0" encoding="UTF-8"?>
<testng-results skipped="0" failed="0" ignored="19" total="20" passed="1">
  <reporter-output>
  </reporter-output>
  <suite name="Suite" duration-ms="117006" started-at="2020-07-29T13:50:01Z" finished-at="2020-07-29T13:51:58Z">
    <groups>
      <group name="Samatha2">
        <method signature="QCStore.Txn8_Recon_ILP_EARNED_FEE_Variance()[pri:14, instance:tests.QCStore@5f9d02cb]" name="Txn8_Recon_ILP_EARNED_FEE_Variance" class="tests.QCStore"/>
      </group> <!-- Samatha2 -->
    </groups>
    <test name="Test" duration-ms="117006" started-at="2020-07-29T13:50:01Z" finished-at="2020-07-29T13:51:58Z">
      <class name="tests.QCStore">
        <test-method status="PASS" signature="setup()[pri:0, instance:tests.QCStore@5f9d02cb]" name="setup" is-config="true" duration-ms="85" started-at="2020-07-29T13:50:01Z" finished-at="2020-07-29T13:50:01Z">
          <reporter-output>
          </reporter-output>
        </test-method> <!-- setup -->
        <test-method status="PASS" signature="Txn8_Recon_ILP_EARNED_FEE_Variance()[pri:14, instance:tests.QCStore@5f9d02cb]" name="Txn8_Recon_ILP_EARNED_FEE_Variance" duration-ms="116757" started-at="2020-07-29T13:50:01Z" finished-at="2020-07-29T13:51:58Z">
          <reporter-output>
          </reporter-output>
        </test-method> <!-- Txn8_Recon_ILP_EARNED_FEE_Variance -->
        <test-method status="PASS" signature="killProcess()[pri:0, instance:tests.QCStore@5f9d02cb]" name="killProcess" is-config="true" duration-ms="0" started-at="2020-07-29T13:50:01Z" finished-at="2020-07-29T13:50:01Z">
          <reporter-output>
          </reporter-output>
        </test-method> <!-- killProcess -->
        <test-method status="PASS" signature="endReport()[pri:0, instance:tests.QCStore@5f9d02cb]" name="endReport" is-config="true" duration-ms="0" started-at="2020-07-29T13:51:58Z" finished-at="2020-07-29T13:51:58Z">
          <reporter-output>
          </reporter-output>
        </test-method> <!-- endReport -->
        <test-method status="PASS" signature="getResult(org.testng.ITestResult)[pri:0, instance:tests.QCStore@5f9d02cb]" name="getResult" is-config="true" duration-ms="150" started-at="2020-07-29T13:51:58Z" finished-at="2020-07-29T13:51:58Z">
          <params>
            <param index="0">
              <value>
                <![CDATA[[TestResult name=Txn8_Recon_ILP_EARNED_FEE_Variance status=SUCCESS method=QCStore.Txn8_Recon_ILP_EARNED_FEE_Variance()[pri:14, instance:tests.QCStore@5f9d02cb] output={null}]]]>
              </value>
            </param>
          </params>
          <reporter-output>
          </reporter-output>
        </test-method> <!-- getResult -->
      </class> <!-- tests.QCStore -->
    </test> <!-- Test -->
  </suite> <!-- Suite -->
</testng-results>
