<?xml version="1.0" encoding="UTF-8"?>
<!-- Generated by org.testng.reporters.JUnitXMLReporter -->
<testsuite hostname="QTLSYS0-223" ignored="51" name="Test" tests="1" failures="1" timestamp="29 Jul 2020 16:22:50 GMT" time="94.386" errors="0">
  <testcase name="TS_804_Store_TLP_Refi_01" time="88.175" classname="tests.QCStore">
    <failure type="org.openqa.selenium.UnhandledAlertException" message="Modal dialog present: SSN already exist.
Build info: version: &amp;apos;3.14.0&amp;apos;, revision: &amp;apos;aacccce0&amp;apos;, time: &amp;apos;2018-08-02T20:19:58.91Z&amp;apos;
System info: host: &amp;apos;QTLSYS0-223&amp;apos;, ip: &amp;apos;192.168.0.223&amp;apos;, os.name: &amp;apos;Windows 10&amp;apos;, os.arch: &amp;apos;amd64&amp;apos;, os.version: &amp;apos;10.0&amp;apos;, java.version: &amp;apos;1.8.0_171&amp;apos;
Driver info: org.openqa.selenium.ie.InternetExplorerDriver
Capabilities {browserAttachTimeout: 0, browserName: internet explorer, cssSelectorsEnabled: true, elementScrollBehavior: 0, enableElementCacheCleanup: true, enablePersistentHover: true, handlesAlerts: true, ie.browserCommandLineSwitches: , ie.ensureCleanSession: false, ie.forceCreateProcessApi: false, ie.usePerProcessProxy: false, ignoreProtectedModeSettings: false, ignoreZoomSetting: false, initialBrowserUrl: http://localhost:32577/, javascriptEnabled: true, nativeEvents: true, platform: WINDOWS, platformName: WINDOWS, requireWindowFocus: false, takesScreenshot: true, unexpectedAlertBehaviour: dismiss, unhandledPromptBehavior: dismiss, version: 11}
Session ID: 851bce0e-33a2-4a2f-81fa-f1c61f9043d1
*** Element info: {Using=name, value=ssn5}">
      <![CDATA[org.openqa.selenium.UnhandledAlertException: Modal dialog present: SSN already exist.
Build info: version: '3.14.0', revision: 'aacccce0', time: '2018-08-02T20:19:58.91Z'
System info: host: 'QTLSYS0-223', ip: '192.168.0.223', os.name: 'Windows 10', os.arch: 'amd64', os.version: '10.0', java.version: '1.8.0_171'
Driver info: org.openqa.selenium.ie.InternetExplorerDriver
Capabilities {browserAttachTimeout: 0, browserName: internet explorer, cssSelectorsEnabled: true, elementScrollBehavior: 0, enableElementCacheCleanup: true, enablePersistentHover: true, handlesAlerts: true, ie.browserCommandLineSwitches: , ie.ensureCleanSession: false, ie.forceCreateProcessApi: false, ie.usePerProcessProxy: false, ignoreProtectedModeSettings: false, ignoreZoomSetting: false, initialBrowserUrl: http://localhost:32577/, javascriptEnabled: true, nativeEvents: true, platform: WINDOWS, platformName: WINDOWS, requireWindowFocus: false, takesScreenshot: true, unexpectedAlertBehaviour: dismiss, unhandledPromptBehavior: dismiss, version: 11}
Session ID: 851bce0e-33a2-4a2f-81fa-f1c61f9043d1
*** Element info: {Using=name, value=ssn5}
at org.openqa.selenium.remote.ErrorHandler.createThrowable(ErrorHandler.java:214)
at org.openqa.selenium.remote.ErrorHandler.createUnhandledAlertException(ErrorHandler.java:195)
at org.openqa.selenium.remote.ErrorHandler.throwIfResponseFailed(ErrorHandler.java:156)
at org.openqa.selenium.remote.http.JsonHttpResponseCodec.reconstructValue(JsonHttpResponseCodec.java:40)
at org.openqa.selenium.remote.http.AbstractHttpResponseCodec.decode(AbstractHttpResponseCodec.java:80)
at org.openqa.selenium.remote.http.AbstractHttpResponseCodec.decode(AbstractHttpResponseCodec.java:44)
at org.openqa.selenium.remote.HttpCommandExecutor.execute(HttpCommandExecutor.java:158)
at org.openqa.selenium.remote.service.DriverCommandExecutor.execute(DriverCommandExecutor.java:83)
at org.openqa.selenium.remote.RemoteWebDriver.execute(RemoteWebDriver.java:548)
at org.openqa.selenium.remote.RemoteWebDriver.findElement(RemoteWebDriver.java:322)
at org.openqa.selenium.remote.RemoteWebDriver.findElementByName(RemoteWebDriver.java:400)
at org.openqa.selenium.By$ByName.findElement(By.java:284)
at org.openqa.selenium.remote.RemoteWebDriver.findElement(RemoteWebDriver.java:314)
at tests.QCBorrowerRegistration.borrowerRegistration(QCBorrowerRegistration.java:145)
at tests.QCStore.TS_804_Store_TLP_Refi_01(QCStore.java:2758)
... Removed 29 stack frames]]>
    </failure>
  </testcase> <!-- TS_804_Store_TLP_Refi_01 -->
  <testcase name="QF_716_TS_019" time="0.0" classname="tests.QCStore">
    <ignored/>
  </testcase> <!-- QF_716_TS_019 -->
  <testcase name="QF_716_TS_015" time="0.0" classname="tests.QCStore">
    <ignored/>
  </testcase> <!-- QF_716_TS_015 -->
  <testcase name="QF_716_TS_30" time="0.0" classname="tests.QCStore">
    <ignored/>
  </testcase> <!-- QF_716_TS_30 -->
  <testcase name="QF_601_TS_054" time="0.0" classname="tests.QCStore">
    <ignored/>
  </testcase> <!-- QF_601_TS_054 -->
  <testcase name="QF_601_TS_057" time="0.0" classname="tests.QCStore">
    <ignored/>
  </testcase> <!-- QF_601_TS_057 -->
  <testcase name="QF_601_TS_055" time="0.0" classname="tests.QCStore">
    <ignored/>
  </testcase> <!-- QF_601_TS_055 -->
  <testcase name="QF_716_TS_31" time="0.0" classname="tests.QCStore">
    <ignored/>
  </testcase> <!-- QF_716_TS_31 -->
  <testcase name="QF_601_TS_053" time="0.0" classname="tests.QCStore">
    <ignored/>
  </testcase> <!-- QF_601_TS_053 -->
  <testcase name="QF_716_TS_021" time="0.0" classname="tests.QCStore">
    <ignored/>
  </testcase> <!-- QF_716_TS_021 -->
  <testcase name="QF_601_TS_056" time="0.0" classname="tests.QCStore">
    <ignored/>
  </testcase> <!-- QF_601_TS_056 -->
  <testcase name="QF_884_TS_008" time="0.0" classname="tests.QCStore">
    <ignored/>
  </testcase> <!-- QF_884_TS_008 -->
  <testcase name="QF_716_TS_027" time="0.0" classname="tests.QCStore">
    <ignored/>
  </testcase> <!-- QF_716_TS_027 -->
  <testcase name="QF_716_TS_025" time="0.0" classname="tests.QCStore">
    <ignored/>
  </testcase> <!-- QF_716_TS_025 -->
  <testcase name="QF_716_TS_028" time="0.0" classname="tests.QCStore">
    <ignored/>
  </testcase> <!-- QF_716_TS_028 -->
  <testcase name="QF_716_TS_026" time="0.0" classname="tests.QCStore">
    <ignored/>
  </testcase> <!-- QF_716_TS_026 -->
  <testcase name="QF_716_TS_029" time="0.0" classname="tests.QCStore">
    <ignored/>
  </testcase> <!-- QF_716_TS_029 -->
  <testcase name="QF_716_TS_034" time="0.0" classname="tests.QCStore">
    <ignored/>
  </testcase> <!-- QF_716_TS_034 -->
  <testcase name="QF_716_TS_035" time="0.0" classname="tests.QCStore">
    <ignored/>
  </testcase> <!-- QF_716_TS_035 -->
  <testcase name="QF_716_TS_07" time="0.0" classname="tests.QCStore">
    <ignored/>
  </testcase> <!-- QF_716_TS_07 -->
  <testcase name="QF_716_TS_09" time="0.0" classname="tests.QCStore">
    <ignored/>
  </testcase> <!-- QF_716_TS_09 -->
  <testcase name="QF_908_TS_005" time="0.0" classname="tests.QCStore">
    <ignored/>
  </testcase> <!-- QF_908_TS_005 -->
  <testcase name="QF_908_TS_007" time="0.0" classname="tests.QCStore">
    <ignored/>
  </testcase> <!-- QF_908_TS_007 -->
  <testcase name="QF_908_TS_004" time="0.0" classname="tests.QCStore">
    <ignored/>
  </testcase> <!-- QF_908_TS_004 -->
  <testcase name="TS_804_Store_TLP_Refi_03" time="0.0" classname="tests.QCStore">
    <ignored/>
  </testcase> <!-- TS_804_Store_TLP_Refi_03 -->
  <testcase name="QF_908_TS_003" time="0.0" classname="tests.QCStore">
    <ignored/>
  </testcase> <!-- QF_908_TS_003 -->
  <testcase name="TS_804_Store_ILP_Refi_01" time="0.0" classname="tests.QCStore">
    <ignored/>
  </testcase> <!-- TS_804_Store_ILP_Refi_01 -->
  <testcase name="QF_908_TS_002" time="0.0" classname="tests.QCStore">
    <ignored/>
  </testcase> <!-- QF_908_TS_002 -->
  <testcase name="QF_601_TS_040" time="0.0" classname="tests.QCStore">
    <ignored/>
  </testcase> <!-- QF_601_TS_040 -->
  <testcase name="TS_804_Store_ILP_Refi_04" time="0.0" classname="tests.QCStore">
    <ignored/>
  </testcase> <!-- TS_804_Store_ILP_Refi_04 -->
  <testcase name="QF_601_TS_041" time="0.0" classname="tests.QCStore">
    <ignored/>
  </testcase> <!-- QF_601_TS_041 -->
  <testcase name="TS_804_Store_TLP_Refi_04" time="0.0" classname="tests.QCStore">
    <ignored/>
  </testcase> <!-- TS_804_Store_TLP_Refi_04 -->
  <testcase name="TS_804_Store_ILP_Refi_03" time="0.0" classname="tests.QCStore">
    <ignored/>
  </testcase> <!-- TS_804_Store_ILP_Refi_03 -->
  <testcase name="QF_601_TS_037" time="0.0" classname="tests.QCStore">
    <ignored/>
  </testcase> <!-- QF_601_TS_037 -->
  <testcase name="QF_716_TS_11" time="0.0" classname="tests.QCStore">
    <ignored/>
  </testcase> <!-- QF_716_TS_11 -->
  <testcase name="QF_601_TS_035" time="0.0" classname="tests.QCStore">
    <ignored/>
  </testcase> <!-- QF_601_TS_035 -->
  <testcase name="QF_601_TS_038" time="0.0" classname="tests.QCStore">
    <ignored/>
  </testcase> <!-- QF_601_TS_038 -->
  <testcase name="QF_601_TS_034" time="0.0" classname="tests.QCStore">
    <ignored/>
  </testcase> <!-- QF_601_TS_034 -->
  <testcase name="QF_601_TS_036" time="0.0" classname="tests.QCStore">
    <ignored/>
  </testcase> <!-- QF_601_TS_036 -->
  <testcase name="QF_601_TS_039" time="0.0" classname="tests.QCStore">
    <ignored/>
  </testcase> <!-- QF_601_TS_039 -->
  <testcase name="QF_601_TS_051" time="0.0" classname="tests.QCStore">
    <ignored/>
  </testcase> <!-- QF_601_TS_051 -->
  <testcase name="QF_716_TS_022" time="0.0" classname="tests.QCStore">
    <ignored/>
  </testcase> <!-- QF_716_TS_022 -->
  <testcase name="QF_601_TS_052" time="0.0" classname="tests.QCStore">
    <ignored/>
  </testcase> <!-- QF_601_TS_052 -->
  <testcase name="QF_601_TS_048" time="0.0" classname="tests.QCStore">
    <ignored/>
  </testcase> <!-- QF_601_TS_048 -->
  <testcase name="QF_601_TS_043" time="0.0" classname="tests.QCStore">
    <ignored/>
  </testcase> <!-- QF_601_TS_043 -->
  <testcase name="QF_601_TS_046" time="0.0" classname="tests.QCStore">
    <ignored/>
  </testcase> <!-- QF_601_TS_046 -->
  <testcase name="QF_601_TS_049" time="0.0" classname="tests.QCStore">
    <ignored/>
  </testcase> <!-- QF_601_TS_049 -->
  <testcase name="QF_601_TS_044" time="0.0" classname="tests.QCStore">
    <ignored/>
  </testcase> <!-- QF_601_TS_044 -->
  <testcase name="QF_601_TS_042" time="0.0" classname="tests.QCStore">
    <ignored/>
  </testcase> <!-- QF_601_TS_042 -->
  <testcase name="QF_601_TS_045" time="0.0" classname="tests.QCStore">
    <ignored/>
  </testcase> <!-- QF_601_TS_045 -->
  <testcase name="QF_601_TS_047" time="0.0" classname="tests.QCStore">
    <ignored/>
  </testcase> <!-- QF_601_TS_047 -->
  <testcase name="QF_908_TS_008" time="0.0" classname="tests.QCStore">
    <ignored/>
  </testcase> <!-- QF_908_TS_008 -->
</testsuite> <!-- Test -->
