<?xml version="1.0" encoding="UTF-8"?>
<!-- Generated by org.testng.reporters.JUnitXMLReporter -->
<testsuite hostname="QTLSYS0-223" ignored="19" name="Test" tests="1" failures="0" timestamp="29 Jul 2020 13:51:58 GMT" time="117.006" errors="0">
  <testcase name="Txn8_Recon_ILP_EARNED_FEE_Variance" time="116.757" classname="tests.QCStore"/>
  <testcase name="TLP_Deposit_Cardonfile" time="0.0" classname="tests.QCStore">
    <ignored/>
  </testcase> <!-- TLP_Deposit_Cardonfile -->
  <testcase name="TXPDL_LateFee_ACHDeposit" time="0.0" classname="tests.QCStore">
    <ignored/>
  </testcase> <!-- TXPDL_LateFee_ACHDeposit -->
  <testcase name="ILP_Default_ChargeBack" time="0.0" classname="tests.QCStore">
    <ignored/>
  </testcase> <!-- ILP_Default_ChargeBack -->
  <testcase name="Txn5_WriteOff" time="0.0" classname="tests.QCStore">
    <ignored/>
  </testcase> <!-- Txn5_WriteOff -->
  <testcase name="TXPDL_LateFee_ACHBuyback" time="0.0" classname="tests.QCStore">
    <ignored/>
  </testcase> <!-- TXPDL_LateFee_ACHBuyback -->
  <testcase name="ILP_Deposit_Cardonfile" time="0.0" classname="tests.QCStore">
    <ignored/>
  </testcase> <!-- ILP_Deposit_Cardonfile -->
  <testcase name="Void_Conversion_UsingEncryption" time="0.0" classname="tests.QCStore">
    <ignored/>
  </testcase> <!-- Void_Conversion_UsingEncryption -->
  <testcase name="TXPDL_LateFee_waiveLateFee_Buyback" time="0.0" classname="tests.QCStore">
    <ignored/>
  </testcase> <!-- TXPDL_LateFee_waiveLateFee_Buyback -->
  <testcase name="TXPDL_LateFee_DCDeposit_Rtrn" time="0.0" classname="tests.QCStore">
    <ignored/>
  </testcase> <!-- TXPDL_LateFee_DCDeposit_Rtrn -->
  <testcase name="Txn1_Recon_ILP_Debit_Card_Variance_scenario" time="0.0" classname="tests.QCStore">
    <ignored/>
  </testcase> <!-- Txn1_Recon_ILP_Debit_Card_Variance_scenario -->
  <testcase name="ILP_ManualDefault_ChargeBack" time="0.0" classname="tests.QCStore">
    <ignored/>
  </testcase> <!-- ILP_ManualDefault_ChargeBack -->
  <testcase name="DC_EPP_ChargeBack" time="0.0" classname="tests.QCStore">
    <ignored/>
  </testcase> <!-- DC_EPP_ChargeBack -->
  <testcase name="PDL_Deposit_Cardonfile" time="0.0" classname="tests.QCStore">
    <ignored/>
  </testcase> <!-- PDL_Deposit_Cardonfile -->
  <testcase name="ILP_Manualdefault_Returnposting" time="0.0" classname="tests.QCStore">
    <ignored/>
  </testcase> <!-- ILP_Manualdefault_Returnposting -->
  <testcase name="Txn11_EPP" time="0.0" classname="tests.QCStore">
    <ignored/>
  </testcase> <!-- Txn11_EPP -->
  <testcase name="TXPDL_LateFee_waiveLateFee_ACHBuyback" time="0.0" classname="tests.QCStore">
    <ignored/>
  </testcase> <!-- TXPDL_LateFee_waiveLateFee_ACHBuyback -->
  <testcase name="Txn3_4_Reverse_and_Reallocation" time="0.0" classname="tests.QCStore">
    <ignored/>
  </testcase> <!-- Txn3_4_Reverse_and_Reallocation -->
  <testcase name="Txn6_Recon_CashRoll" time="0.0" classname="tests.QCStore">
    <ignored/>
  </testcase> <!-- Txn6_Recon_CashRoll -->
  <testcase name="TXPDL_LateFee_DCBuyback" time="0.0" classname="tests.QCStore">
    <ignored/>
  </testcase> <!-- TXPDL_LateFee_DCBuyback -->
</testsuite> <!-- Test -->
